<?xml version="1.0" encoding="UTF-8"?>
<testng-results ignored="0" total="1" passed="1" failed="0" skipped="0">
  <reporter-output>
  </reporter-output>
  <suite started-at="2023-02-28T20:04:46 CST" name="parameter" finished-at="2023-02-28T20:04:51 CST" duration-ms="5172">
    <groups>
    </groups>
    <test started-at="2023-02-28T20:04:46 CST" name="parmeter" finished-at="2023-02-28T20:04:51 CST" duration-ms="5172">
      <class name="test.com.testR10">
        <test-method is-config="true" signature="Bsuite()[pri:0, instance:test.com.testR10@6253c26]" started-at="2023-02-28T20:04:46 CST" name="Bsuite" finished-at="2023-02-28T20:04:46 CST" duration-ms="6" status="PASS">
          <reporter-output>
          </reporter-output>
        </test-method> <!-- Bsuite -->
        <test-method is-config="true" signature="Btest()[pri:0, instance:test.com.testR10@6253c26]" started-at="2023-02-28T20:04:46 CST" name="Btest" finished-at="2023-02-28T20:04:46 CST" duration-ms="0" status="PASS">
          <reporter-output>
          </reporter-output>
        </test-method> <!-- Btest -->
        <test-method is-config="true" signature="BClass()[pri:0, instance:test.com.testR10@6253c26]" started-at="2023-02-28T20:04:46 CST" name="BClass" finished-at="2023-02-28T20:04:46 CST" duration-ms="0" status="PASS">
          <reporter-output>
          </reporter-output>
        </test-method> <!-- BClass -->
        <test-method signature="Login(java.lang.String,java.lang.String,java.lang.String)[pri:0, instance:test.com.testR10@6253c26]" started-at="2023-02-28T20:04:46 CST" name="Login" finished-at="2023-02-28T20:04:51 CST" duration-ms="5140" status="PASS">
          <params>
            <param index="0">
              <value>
                <![CDATA[standard_user]]>
              </value>
            </param>
            <param index="1">
              <value>
                <![CDATA[secret_sauce]]>
              </value>
            </param>
            <param index="2">
              <value>
                <![CDATA[chrome]]>
              </value>
            </param>
          </params>
          <reporter-output>
          </reporter-output>
        </test-method> <!-- Login -->
        <test-method is-config="true" signature="AClass()[pri:0, instance:test.com.testR10@6253c26]" started-at="2023-02-28T20:04:51 CST" name="AClass" finished-at="2023-02-28T20:04:51 CST" duration-ms="0" status="PASS">
          <reporter-output>
          </reporter-output>
        </test-method> <!-- AClass -->
        <test-method is-config="true" signature="Atest()[pri:0, instance:test.com.testR10@6253c26]" started-at="2023-02-28T20:04:51 CST" name="Atest" finished-at="2023-02-28T20:04:51 CST" duration-ms="1" status="PASS">
          <reporter-output>
          </reporter-output>
        </test-method> <!-- Atest -->
        <test-method is-config="true" signature="Asuite()[pri:0, instance:test.com.testR10@6253c26]" started-at="2023-02-28T20:04:51 CST" name="Asuite" finished-at="2023-02-28T20:04:51 CST" duration-ms="0" status="PASS">
          <reporter-output>
          </reporter-output>
        </test-method> <!-- Asuite -->
      </class> <!-- test.com.testR10 -->
    </test> <!-- parmeter -->
  </suite> <!-- parameter -->
</testng-results>
